<?xml version="1.0" encoding="UTF-8"?>
<!-- Generated by org.testng.reporters.JUnitReportReporter -->
<testsuite hostname="LAPTOP-0O8VOCIM" failures="0" tests="4" name="com.qa.Automation.Test.ContactPageTest" time="40.363" errors="0" timestamp="11 Sep. 2020 17:16:14 GMT" skipped="0">
  <testcase classname="com.qa.Automation.Test.ContactPageTest" name="inputValuesInFieldTest" time="11.208"/>
  <testcase classname="com.qa.Automation.Test.ContactPageTest" name="inputValuesInFieldTest" time="10.432"/>
  <testcase classname="com.qa.Automation.Test.ContactPageTest" name="inputValuesInFieldTest" time="8.876"/>
  <testcase classname="com.qa.Automation.Test.ContactPageTest" name="inputValuesInFieldTest" time="9.847"/>
</testsuite> <!-- com.qa.Automation.Test.ContactPageTest -->
